This is pdfTeX, Version 3.14159-13d (Web2C 7.3.1) (format=pdflatex 2001.5.15)  5 DEC 2001 14:10
**scfe
(/usr/share/texmf/tex/latex/tools/q.tex[/var/lib/texmf/pdftex/config/pdftex.cfg
]
LaTeX2e <2000/06/01>
Babel <v3.7h> and hyphenation patterns for american, french, german, ngerman, n
ohyphenation, loaded.
File ignored
)
! Emergency stop.
<*> scfe
        
*** (job aborted, no legal \end found)

 
Here is how much of TeX's memory you used:
 6 strings out of 25620
 91 string characters out of 193431
 44100 words of memory out of 384000
 3066 multiletter control sequences out of 10000+15000
 3640 words of font info for 14 fonts, out of 400000 for 1000
 14 hyphenation exceptions out of 1000
 5i,0n,1p,84b,7s stack positions out of 300i,100n,500p,50000b,4000s
!  ==> Fatal error occurred, the output PDF file not finished!
