This is TeX, Version 3.14159 (Web2C 7.3.1) (format=latex 2001.5.15)  21 JAN 2002 17:23
**adapt
(adapt.tex
LaTeX2e <2000/06/01>
Babel <v3.7h> and hyphenation patterns for american, french, german, ngerman, n
ohyphenation, loaded.
(/usr/share/texmf/tex/latex/base/article.cls
Document Class: article 2000/05/19 v1.4b Standard LaTeX document class
(/usr/share/texmf/tex/latex/base/size12.clo
File: size12.clo 2000/05/19 v1.4b Standard LaTeX file (size option)
)
\c@part=\count79
\c@section=\count80
\c@subsection=\count81
\c@subsubsection=\count82
\c@paragraph=\count83
\c@subparagraph=\count84
\c@figure=\count85
\c@table=\count86
\abovecaptionskip=\skip41
\belowcaptionskip=\skip42
\bibindent=\dimen102
)
(/usr/share/texmf/tex/latex/base/ifthen.sty
Package: ifthen 1999/09/10 v1.1b Standard LaTeX ifthen package (DPC)
)
\c@pdfordvi=\count87

(/usr/share/texmf/tex/latex/graphics/graphicx.sty
Package: graphicx 1999/02/16 v1.0f Enhanced LaTeX Graphics (DPC,SPQR)

(/usr/share/texmf/tex/latex/graphics/keyval.sty
Package: keyval 1999/03/16 v1.13 key=value parser (DPC)
\KV@toks@=\toks14
)
(/usr/share/texmf/tex/latex/graphics/graphics.sty
Package: graphics 1999/02/16 v1.0l Standard LaTeX Graphics (DPC,SPQR)

(/usr/share/texmf/tex/latex/graphics/trig.sty
Package: trig 1999/03/16 v1.09 sin cos tan (DPC)
)
(/usr/share/texmf/tex/latex/config/graphics.cfg)
Package graphics Info: Driver file: pdftex.def on input line 80.

(/usr/share/texmf/tex/latex/graphics/pdftex.def
File: pdftex.def 2000/06/16 v0.03a graphics/color for pdftex
\Gread@gobject=\count88


Package graphics Warning: pdftex option does not work with standard TeX.

))
\Gin@req@height=\dimen103
\Gin@req@width=\dimen104
)
! Undefined control sequence.
<recently read> \pdfoutput 
                           
l.5 \pdfoutput
               = \value{pdfordvi}
? q
OK, entering \batchmode...

! LaTeX Error: Missing \begin{document}.

See the LaTeX manual or LaTeX Companion for explanation.
Type  H <return>  for immediate help.
 ...                                              
                                                  
l.5 \pdfoutput =
                 \value{pdfordvi}
You're in trouble here.  Try typing  <return>  to proceed.
If that doesn't work, type  X <return>  to quit.

! Missing number, treated as zero.
<to be read again> 
                   \let 
l.6 \usepackage
               {isolatin1}
A number should have been here; I inserted `0'.
(If you can't figure out why I needed to see a number,
look up `weird error' in the index to The TeXbook.)

 (/usr/share/texmf/tex/latex/misc/isolatin1.sty
ISO-latin-1 input coding, version 1.0pf of 30-Mar-1995.) (/usr/share/texmf/tex/
latex/ntgclass/a4.sty
Package: a4 1999/03/03 v1.2f A4 based page layout

Overfull \hbox (57.14813pt too wide) in paragraph at lines 5--39
[]\OT1/cmr/m/n/12 =                                                            
                                                                               
                       
 []

) (/usr/share/texmf/tex/latex/misc/version.sty) (cae.sty
\chaptopsep=\skip43
\chapaftersep=\skip44
\c@theorem=\count89
\underheadsep=\skip45
) (/usr/share/texmf/tex/latex/misc/float.sty
Package: float 1999/05/29 v1.2d Float enhancements (AL)
\c@float@type=\count90
\float@box=\box26
\@floatcapt=\box27
) (/usr/share/texmf/tex/latex/misc/subfigure.sty
Package: subfigure 1995/03/06 v2.0 subfigure package
Package: subfigure 1995/03/06 v2.0
\c@subfigure=\count91
\c@lofdepth=\count92
\c@subtable=\count93
\c@lotdepth=\count94
)
\c@slideorprint=\count95
 (pdfscreen.sty
Package: pdfscreen 2000/07/07 v.1.5 screen PDF design (CVR)
 (/usr/share/texmf/tex/latex/graphics/color.sty
Package: color 1999/02/16 v1.0i Standard LaTeX Color (DPC)
 (/usr/share/texmf/tex/latex/config/color.cfg)
Package color Info: Driver file: dvips.def on input line 125.
 (/usr/share/texmf/tex/latex/graphics/dvips.def
File: dvips.def 1999/02/16 v3.0i Driver-dependant file (DPC,SPQR)
) (/usr/share/texmf/tex/latex/graphics/dvipsnam.def
File: dvipsnam.def 1999/02/16 v3.0i Driver-dependant file (DPC,SPQR)
)) (/usr/share/texmf/tex/latex/tools/calc.sty
Package: calc 1998/07/07 v4.1b Infix arithmetic (KKT,FJ)
\calc@Acount=\count96
\calc@Bcount=\count97
\calc@Adimen=\dimen105
\calc@Bdimen=\dimen106
\calc@Askip=\skip46
\calc@Bskip=\skip47
LaTeX Info: Redefining \setlength on input line 59.
LaTeX Info: Redefining \addtolength on input line 60.
\calc@denominator=\count98
) (/usr/share/texmf/tex/latex/misc/comment.sty
\CommentStream=\write3
 Excluding comment 'comment')
\c@panel=\count99
\c@driver=\count100
\c@scheme=\count101
 (/usr/share/texmf/tex/latex/amsfonts/amssymb.sty
Package: amssymb 1996/11/03 v2.2b
 (/usr/share/texmf/tex/latex/amsfonts/amsfonts.sty
Package: amsfonts 1997/09/17 v2.2e
\@emptytoks=\toks15
\symAMSa=\mathgroup4
\symAMSb=\mathgroup5
LaTeX Font Info:    Overwriting math alphabet `\mathfrak' in version `bold'
(Font)                  U/euf/m/n --> U/euf/b/n on input line 133.
)) (/usr/share/texmf/tex/latex/hyperref/hyperref.sty
Package: hyperref 2000/11/05 v6.71a Hypertext links for LaTeX
\@linkdim=\dimen107
\Hy@linkcounter=\count102
\Hy@pagecounter=\count103
 (/usr/share/texmf/tex/latex/hyperref/pd1enc.def
File: pd1enc.def 2000/11/05 v6.71a Hyperref: PDFDocEncoding definition (HO)
)
Package hyperref Info: Option `bookmarksopen' set `true' on input line 1603.
Package hyperref Info: Option `colorlinks' set `true' on input line 1603.
Package hyperref Info: Bookmarks ON on input line 1661.
Package hyperref Info: Hyper figures OFF on input line 1680.
Package hyperref Info: Link nesting OFF on input line 1685.
Package hyperref Info: Hyper index ON on input line 1688.
Package hyperref Info: Plain pages ON on input line 1693.
Package hyperref Info: Backreferencing OFF on input line 1700.
Implicit mode ON; LaTeX internals redefined
 (/usr/share/texmf/tex/latex/html/url.sty
Package: url 1999/03/02  ver 1.4  Verb mode for urls, email addresses, and file
 names
)
LaTeX Info: Redefining \url on input line 1905.
\Fld@menulength=\count104
\Field@Width=\dimen108
\Fld@charsize=\dimen109
\Choice@toks=\toks16
\Field@toks=\toks17
Package hyperref Info: Hyper figures OFF on input line 2351.
Package hyperref Info: Link nesting OFF on input line 2356.
Package hyperref Info: Hyper index ON on input line 2359.
Package hyperref Info: backreferencing OFF on input line 2366.
Package hyperref Info: Link coloring ON on input line 2369.
\c@Item=\count105
\c@Hfootnote=\count106
)
*hyperref using driver hpdftex*
 (/usr/share/texmf/tex/latex/hyperref/hpdftex.def
File: hpdftex.def 2000/11/05 v6.71a Hyperref driver for pdfTeX
! Undefined control sequence.
l.286 \pdfoutput
                =1
The control sequence at the end of the top line
of your error message was never \def'ed. If you have
misspelled it (e.g., `\hobx'), type `I' and the correct
spelling (e.g., `I\hbox'). Otherwise just continue,
and I'll forget about whatever was undefined.


! LaTeX Error: Missing \begin{document}.

See the LaTeX manual or LaTeX Companion for explanation.
Type  H <return>  for immediate help.
 ...                                              
                                                  
l.286 \pdfoutput=
                 1
You're in trouble here.  Try typing  <return>  to proceed.
If that doesn't work, type  X <return>  to quit.

! Undefined control sequence.
l.287 \pdfcompresslevel
                       =9
The control sequence at the end of the top line
of your error message was never \def'ed. If you have
misspelled it (e.g., `\hobx'), type `I' and the correct
spelling (e.g., `I\hbox'). Otherwise just continue,
and I'll forget about whatever was undefined.

 (/usr/share/texmf/tex/latex/psnfss/pifont.sty
Package: pifont 2000/01/12 PSNFSS-v8.1 Pi font support (SPQR) 
LaTeX Font Info:    Try loading font information for U+pzd on input line 62.
 (/usr/share/texmf/tex/latex/psnfss/upzd.fd
File: upzd.fd 2000/01/12 PSNFSS-v8.1 font definitions for U/pzd.
)
LaTeX Font Info:    Try loading font information for U+psy on input line 63.
 (/usr/share/texmf/tex/latex/psnfss/upsy.fd
File: upsy.fd 2000/01/12 PSNFSS-v8.1 font definitions for U/psy.
))
\Fld@listcount=\count107
! Undefined control sequence.
l.502 \pdfobj
              { << /Type /Encoding /Differences [ 24 /breve /caron
The control sequence at the end of the top line
of your error message was never \def'ed. If you have
misspelled it (e.g., `\hobx'), type `I' and the correct
spelling (e.g., `I\hbox'). Otherwise just continue,
and I'll forget about whatever was undefined.

! Undefined control sequence.
l.523 \edef\OBJ@pdfdocencoding{\the\pdflastobj
                                              }
The control sequence at the end of the top line
of your error message was never \def'ed. If you have
misspelled it (e.g., `\hobx'), type `I' and the correct
spelling (e.g., `I\hbox'). Otherwise just continue,
and I'll forget about whatever was undefined.

! You can't use `end-group character }' after \the.
l.523 \edef\OBJ@pdfdocencoding{\the\pdflastobj}
                                               
I'm forgetting what you said and using zero instead.

! Undefined control sequence.
l.524 \pdfobj
              {
The control sequence at the end of the top line
of your error message was never \def'ed. If you have
misspelled it (e.g., `\hobx'), type `I' and the correct
spelling (e.g., `I\hbox'). Otherwise just continue,
and I'll forget about whatever was undefined.

! Undefined control sequence.
l.532 \edef\OBJ@ZaDb
                    {\the\pdflastobj}
The control sequence at the end of the top line
of your error message was never \def'ed. If you have
misspelled it (e.g., `\hobx'), type `I' and the correct
spelling (e.g., `I\hbox'). Otherwise just continue,
and I'll forget about whatever was undefined.

! Undefined control sequence.
l.532 \edef\OBJ@ZaDb{\the\pdflastobj
                                    }
The control sequence at the end of the top line
of your error message was never \def'ed. If you have
misspelled it (e.g., `\hobx'), type `I' and the correct
spelling (e.g., `I\hbox'). Otherwise just continue,
and I'll forget about whatever was undefined.

! You can't use `end-group character }' after \the.
l.532 \edef\OBJ@ZaDb{\the\pdflastobj}
                                     
I'm forgetting what you said and using zero instead.

! Undefined control sequence.
l.533 \pdfobj
              {  <<
The control sequence at the end of the top line
of your error message was never \def'ed. If you have
misspelled it (e.g., `\hobx'), type `I' and the correct
spelling (e.g., `I\hbox'). Otherwise just continue,
and I'll forget about whatever was undefined.

! Undefined control sequence.
l.538   /Encoding \OBJ@pdfdocencoding
                                     \space 0 R
The control sequence at the end of the top line
of your error message was never \def'ed. If you have
misspelled it (e.g., `\hobx'), type `I' and the correct
spelling (e.g., `I\hbox'). Otherwise just continue,
and I'll forget about whatever was undefined.

! Undefined control sequence.
l.541 \edef\OBJ@Helv
                    {\the\pdflastobj}
The control sequence at the end of the top line
of your error message was never \def'ed. If you have
misspelled it (e.g., `\hobx'), type `I' and the correct
spelling (e.g., `I\hbox'). Otherwise just continue,
and I'll forget about whatever was undefined.

! Undefined control sequence.
l.541 \edef\OBJ@Helv{\the\pdflastobj
                                    }
The control sequence at the end of the top line
of your error message was never \def'ed. If you have
misspelled it (e.g., `\hobx'), type `I' and the correct
spelling (e.g., `I\hbox'). Otherwise just continue,
and I'll forget about whatever was undefined.

! You can't use `end-group character }' after \the.
l.541 \edef\OBJ@Helv{\the\pdflastobj}
                                     
I'm forgetting what you said and using zero instead.

! Undefined control sequence.
l.542 \pdfobj
              {
The control sequence at the end of the top line
of your error message was never \def'ed. If you have
misspelled it (e.g., `\hobx'), type `I' and the correct
spelling (e.g., `I\hbox'). Otherwise just continue,
and I'll forget about whatever was undefined.

! Undefined control sequence.
l.546       /Font << /ZaDb \OBJ@ZaDb
                                    \space 0 R /Helv \OBJ@Helv\space0 R >>
The control sequence at the end of the top line
of your error message was never \def'ed. If you have
misspelled it (e.g., `\hobx'), type `I' and the correct
spelling (e.g., `I\hbox'). Otherwise just continue,
and I'll forget about whatever was undefined.

! Undefined control sequence.
l.546 .../ZaDb \OBJ@ZaDb\space 0 R /Helv \OBJ@Helv
                                                  \space0 R >>
The control sequence at the end of the top line
of your error message was never \def'ed. If you have
misspelled it (e.g., `\hobx'), type `I' and the correct
spelling (e.g., `I\hbox'). Otherwise just continue,
and I'll forget about whatever was undefined.

! Undefined control sequence.
l.552 \edef\OBJ@acroform
                        {\the\pdflastobj}
The control sequence at the end of the top line
of your error message was never \def'ed. If you have
misspelled it (e.g., `\hobx'), type `I' and the correct
spelling (e.g., `I\hbox'). Otherwise just continue,
and I'll forget about whatever was undefined.

! Undefined control sequence.
l.552 \edef\OBJ@acroform{\the\pdflastobj
                                        }
The control sequence at the end of the top line
of your error message was never \def'ed. If you have
misspelled it (e.g., `\hobx'), type `I' and the correct
spelling (e.g., `I\hbox'). Otherwise just continue,
and I'll forget about whatever was undefined.

! You can't use `end-group character }' after \the.
l.552 \edef\OBJ@acroform{\the\pdflastobj}
                                         
I'm forgetting what you said and using zero instead.

! Undefined control sequence.
l.553 \def\PDFForm@Check
                        {%
The control sequence at the end of the top line
of your error message was never \def'ed. If you have
misspelled it (e.g., `\hobx'), type `I' and the correct
spelling (e.g., `I\hbox'). Otherwise just continue,
and I'll forget about whatever was undefined.

! Undefined control sequence.
l.556   /T (\Fld@name
                     )
The control sequence at the end of the top line
of your error message was never \def'ed. If you have
misspelled it (e.g., `\hobx'), type `I' and the correct
spelling (e.g., `I\hbox'). Otherwise just continue,
and I'll forget about whatever was undefined.

! Undefined control sequence.
l.572 \def\PDFForm@Push
                       {%
The control sequence at the end of the top line
of your error message was never \def'ed. If you have
misspelled it (e.g., `\hobx'), type `I' and the correct
spelling (e.g., `I\hbox'). Otherwise just continue,
and I'll forget about whatever was undefined.

! Undefined control sequence.
l.575   /T (\Fld@name
                     )
The control sequence at the end of the top line
of your error message was never \def'ed. If you have
misspelled it (e.g., `\hobx'), type `I' and the correct
spelling (e.g., `I\hbox'). Otherwise just continue,
and I'll forget about whatever was undefined.

! Undefined control sequence.
l.583   /A << /S /JavaScript /JS (\Fld@onclick
                                              ;) >>
The control sequence at the end of the top line
of your error message was never \def'ed. If you have
misspelled it (e.g., `\hobx'), type `I' and the correct
spelling (e.g., `I\hbox'). Otherwise just continue,
and I'll forget about whatever was undefined.

! Undefined control sequence.
l.585 \def\PDFForm@List
                       {%
The control sequence at the end of the top line
of your error message was never \def'ed. If you have
misspelled it (e.g., `\hobx'), type `I' and the correct
spelling (e.g., `I\hbox'). Otherwise just continue,
and I'll forget about whatever was undefined.

! Undefined control sequence.
l.588   /T (\Fld@name
                     )
The control sequence at the end of the top line
of your error message was never \def'ed. If you have
misspelled it (e.g., `\hobx'), type `I' and the correct
spelling (e.g., `I\hbox'). Otherwise just continue,
and I'll forget about whatever was undefined.

! Undefined control sequence.
l.601   /DV (\Fld@default
                         )
The control sequence at the end of the top line
of your error message was never \def'ed. If you have
misspelled it (e.g., `\hobx'), type `I' and the correct
spelling (e.g., `I\hbox'). Otherwise just continue,
and I'll forget about whatever was undefined.

! Undefined control sequence.
l.602   \Fld@flags
                  
The control sequence at the end of the top line
of your error message was never \def'ed. If you have
misspelled it (e.g., `\hobx'), type `I' and the correct
spelling (e.g., `I\hbox'). Otherwise just continue,
and I'll forget about whatever was undefined.

! Undefined control sequence.
l.604 \def\PDFForm@Radio
                        {%
The control sequence at the end of the top line
of your error message was never \def'ed. If you have
misspelled it (e.g., `\hobx'), type `I' and the correct
spelling (e.g., `I\hbox'). Otherwise just continue,
and I'll forget about whatever was undefined.

! Undefined control sequence.
l.607   /T (\Fld@name
                     )
The control sequence at the end of the top line
of your error message was never \def'ed. If you have
misspelled it (e.g., `\hobx'), type `I' and the correct
spelling (e.g., `I\hbox'). Otherwise just continue,
and I'll forget about whatever was undefined.

! Undefined control sequence.
l.622     /V /\Fld@default
                          \space
The control sequence at the end of the top line
of your error message was never \def'ed. If you have
misspelled it (e.g., `\hobx'), type `I' and the correct
spelling (e.g., `I\hbox'). Otherwise just continue,
and I'll forget about whatever was undefined.

! Undefined control sequence.
l.627 \def\PDFForm@Text
                       {%
The control sequence at the end of the top line
of your error message was never \def'ed. If you have
misspelled it (e.g., `\hobx'), type `I' and the correct
spelling (e.g., `I\hbox'). Otherwise just continue,
and I'll forget about whatever was undefined.

! Undefined control sequence.
l.630   /T (\Fld@name
                     )
The control sequence at the end of the top line
of your error message was never \def'ed. If you have
misspelled it (e.g., `\hobx'), type `I' and the correct
spelling (e.g., `I\hbox'). Otherwise just continue,
and I'll forget about whatever was undefined.

! Undefined control sequence.
l.642   /DV (\Fld@default
                         )
The control sequence at the end of the top line
of your error message was never \def'ed. If you have
misspelled it (e.g., `\hobx'), type `I' and the correct
spelling (e.g., `I\hbox'). Otherwise just continue,
and I'll forget about whatever was undefined.

! Undefined control sequence.
l.661   /V (\Fld@value
                      )
The control sequence at the end of the top line
of your error message was never \def'ed. If you have
misspelled it (e.g., `\hobx'), type `I' and the correct
spelling (e.g., `I\hbox'). Otherwise just continue,
and I'll forget about whatever was undefined.

! Undefined control sequence.
l.671 \def\PDFForm@Submit
                         {%
The control sequence at the end of the top line
of your error message was never \def'ed. If you have
misspelled it (e.g., `\hobx'), type `I' and the correct
spelling (e.g., `I\hbox'). Otherwise just continue,
and I'll forget about whatever was undefined.

! Undefined control sequence.
l.674   /T (\Fld@name
                     )
The control sequence at the end of the top line
of your error message was never \def'ed. If you have
misspelled it (e.g., `\hobx'), type `I' and the correct
spelling (e.g., `I\hbox'). Otherwise just continue,
and I'll forget about whatever was undefined.

! Undefined control sequence.
l.686       /F (\Form@action
                            )
The control sequence at the end of the top line
of your error message was never \def'ed. If you have
misspelled it (e.g., `\hobx'), type `I' and the correct
spelling (e.g., `I\hbox'). Otherwise just continue,
and I'll forget about whatever was undefined.

! Undefined control sequence.
l.691 \def\PDFForm@Reset
                        {%
The control sequence at the end of the top line
of your error message was never \def'ed. If you have
misspelled it (e.g., `\hobx'), type `I' and the correct
spelling (e.g., `I\hbox'). Otherwise just continue,
and I'll forget about whatever was undefined.

! Undefined control sequence.
l.694   /T (\Fld@name
                     )
The control sequence at the end of the top line
of your error message was never \def'ed. If you have
misspelled it (e.g., `\hobx'), type `I' and the correct
spelling (e.g., `I\hbox'). Otherwise just continue,
and I'll forget about whatever was undefined.

! Undefined control sequence.
<argument> \@outlinefile 
                         
l.705 \newwrite\@outlinefile
                            
The control sequence at the end of the top line
of your error message was never \def'ed. If you have
misspelled it (e.g., `\hobx'), type `I' and the correct
spelling (e.g., `I\hbox'). Otherwise just continue,
and I'll forget about whatever was undefined.

! Illegal parameter number in definition of \OBJ@pdfdocencoding.
<to be read again> 
                   4
l.706 \def\Hy@writebookmark#1#2#3#4
                                   #5{% section number, text, label, level, ...
You meant to type ## instead of #, right?
Or maybe a } was forgotten somewhere earlier, and things
are all screwed up? I'm going to assume that you meant ##.

! Illegal parameter number in definition of \OBJ@pdfdocencoding.
<to be read again> 
                   5
l.706 \def\Hy@writebookmark#1#2#3#4#5
                                     {% section number, text, label, level, ...
You meant to type ## instead of #, right?
Or maybe a } was forgotten somewhere earlier, and things
are all screwed up? I'm going to assume that you meant ##.

! Missing number, treated as zero.
<to be read again> 
                   ##
l.709   \ifnum#
               4>\c@tocdepth
A number should have been here; I inserted `0'.
(If you can't figure out why I needed to see a number,
look up `weird error' in the index to The TeXbook.)

! Missing = inserted for \ifnum.
<to be read again> 
                   ##
l.709   \ifnum#
               4>\c@tocdepth
I was expecting to see `<', `=', or `>'. Didn't.

! Missing number, treated as zero.
<to be read again> 
                   ##
l.709   \ifnum#
               4>\c@tocdepth
A number should have been here; I inserted `0'.
(If you can't figure out why I needed to see a number,
look up `weird error' in the index to The TeXbook.)

! Illegal parameter number in definition of \OBJ@pdfdocencoding.
<to be read again> 
                   4
l.709   \ifnum#4
                >\c@tocdepth
You meant to type ## instead of #, right?
Or maybe a } was forgotten somewhere earlier, and things
are all screwed up? I'm going to assume that you meant ##.

! Undefined control sequence.
l.714 \def\Hy@currentbookmarklevel
                                  {0}
The control sequence at the end of the top line
of your error message was never \def'ed. If you have
misspelled it (e.g., `\hobx'), type `I' and the correct
spelling (e.g., `I\hbox'). Otherwise just continue,
and I'll forget about whatever was undefined.

! Undefined control sequence.
l.715 \def\Hy@numberline
                        #1{#1 }
The control sequence at the end of the top line
of your error message was never \def'ed. If you have
misspelled it (e.g., `\hobx'), type `I' and the correct
spelling (e.g., `I\hbox'). Otherwise just continue,
and I'll forget about whatever was undefined.

! Illegal parameter number in definition of \OBJ@pdfdocencoding.
<to be read again> 
                   1
l.715 \def\Hy@numberline#1
                          {#1 }
You meant to type ## instead of #, right?
Or maybe a } was forgotten somewhere earlier, and things
are all screwed up? I'm going to assume that you meant ##.

! Illegal parameter number in definition of \OBJ@pdfdocencoding.
<to be read again> 
                   1
l.715 \def\Hy@numberline#1{#1
                              }
You meant to type ## instead of #, right?
Or maybe a } was forgotten somewhere earlier, and things
are all screwed up? I'm going to assume that you meant ##.

! Undefined