This is pdfTeX, Version 3.14159-13d (Web2C 7.3.1) (format=pdflatex 2001.5.15)  21 JAN 2002 17:26
**scfe
(scfe.tex[/var/lib/texmf/pdftex/config/pdftex.cfg]
LaTeX2e <2000/06/01>
Babel <v3.7h> and hyphenation patterns for american, french, german, ngerman, n
ohyphenation, loaded.
(/usr/share/texmf/tex/latex/base/article.cls
Document Class: article 2000/05/19 v1.4b Standard LaTeX document class
(/usr/share/texmf/tex/latex/base/size12.clo
File: size12.clo 2000/05/19 v1.4b Standard LaTeX file (size option)
)
\c@part=\count79
\c@section=\count80
\c@subsection=\count81
\c@subsubsection=\count82
\c@paragraph=\count83
\c@subparagraph=\count84
\c@figure=\count85
\c@table=\count86
\abovecaptionskip=\skip41
\belowcaptionskip=\skip42
\bibindent=\dimen102
)
(/usr/share/texmf/tex/latex/base/ifthen.sty
Package: ifthen 1999/09/10 v1.1b Standard LaTeX ifthen package (DPC)
)
\c@pdfordvi=\count87

(/usr/share/texmf/tex/latex/graphics/graphicx.sty
Package: graphicx 1999/02/16 v1.0f Enhanced LaTeX Graphics (DPC,SPQR)

(/usr/share/texmf/tex/latex/graphics/keyval.sty
Package: keyval 1999/03/16 v1.13 key=value parser (DPC)
\KV@toks@=\toks14
)
(/usr/share/texmf/tex/latex/graphics/graphics.sty
Package: graphics 1999/02/16 v1.0l Standard LaTeX Graphics (DPC,SPQR)

(/usr/share/texmf/tex/latex/graphics/trig.sty
Package: trig 1999/03/16 v1.09 sin cos tan (DPC)
)
(/usr/share/texmf/tex/latex/config/graphics.cfg)
Package graphics Info: Driver file: pdftex.def on input line 80.

(/usr/share/texmf/tex/latex/graphics/pdftex.def
File: pdftex.def 2000/06/16 v0.03a graphics/color for pdftex
\Gread@gobject=\count88
))
\Gin@req@height=\dimen103
\Gin@req@width=\dimen104
)
(/usr/share/texmf/tex/latex/misc/isolatin1.sty
ISO-latin-1 input coding, version 1.0pf of 30-Mar-1995.)
(/usr/share/texmf/tex/latex/ntgclass/a4.sty
Package: a4 1999/03/03 v1.2f A4 based page layout
)
(/usr/share/texmf/tex/latex/misc/version.sty) (cae.sty
\chaptopsep=\skip43
\chapaftersep=\skip44
\c@theorem=\count89
\underheadsep=\skip45
)
(/usr/share/texmf/tex/latex/misc/float.sty
Package: float 1999/05/29 v1.2d Float enhancements (AL)
\c@float@type=\count90
\float@box=\box26
\@floatcapt=\box27
)
(/usr/share/texmf/tex/latex/misc/subfigure.sty
Package: subfigure 1995/03/06 v2.0 subfigure package

Package: subfigure 1995/03/06 v2.0
\c@subfigure=\count91
\c@lofdepth=\count92
\c@subtable=\count93
\c@lotdepth=\count94
)
\c@slideorprint=\count95
 (pdfscreen.sty
Package: pdfscreen 2000/07/07 v.1.5 screen PDF design (CVR)
 (/usr/share/texmf/tex/latex/graphics/color.sty
Package: color 1999/02/16 v1.0i Standard LaTeX Color (DPC)

(/usr/share/texmf/tex/latex/config/color.cfg)
Package color Info: Driver file: pdftex.def on input line 125.
)
(/usr/share/texmf/tex/latex/tools/calc.sty
Package: calc 1998/07/07 v4.1b Infix arithmetic (KKT,FJ)
\calc@Acount=\count96
\calc@Bcount=\count97
\calc@Adimen=\dimen105
\calc@Bdimen=\dimen106
\calc@Askip=\skip46
\calc@Bskip=\skip47
LaTeX Info: Redefining \setlength on input line 59.
LaTeX Info: Redefining \addtolength on input line 60.
\calc@denominator=\count98
)
(/usr/share/texmf/tex/latex/misc/comment.sty
\CommentStream=\write3
 Excluding comment 'comment')
\c@panel=\count99
\c@driver=\count100
\c@scheme=\count101

(/usr/share/texmf/tex/latex/amsfonts/amssymb.sty
Package: amssymb 1996/11/03 v2.2b

(/usr/share/texmf/tex/latex/amsfonts/amsfonts.sty
Package: amsfonts 1997/09/17 v2.2e
\@emptytoks=\toks15
\symAMSa=\mathgroup4
\symAMSb=\mathgroup5
LaTeX Font Info:    Overwriting math alphabet `\mathfrak' in version `bold'
(Font)                  U/euf/m/n --> U/euf/b/n on input line 133.
))
(/usr/share/texmf/tex/latex/hyperref/hyperref.sty
Package: hyperref 2000/11/05 v6.71a Hypertext links for LaTeX
\@linkdim=\dimen107
\Hy@linkcounter=\count102
\Hy@pagecounter=\count103

(/usr/share/texmf/tex/latex/hyperref/pd1enc.def
File: pd1enc.def 2000/11/05 v6.71a Hyperref: PDFDocEncoding definition (HO)
)
Package hyperref Info: Option `bookmarksopen' set `true' on input line 1603.
Package hyperref Info: Option `colorlinks' set `true' on input line 1603.
Package hyperref Info: Bookmarks ON on input line 1661.
Package hyperref Info: Hyper figures OFF on input line 1680.
Package hyperref Info: Link nesting OFF on input line 1685.
Package hyperref Info: Hyper index ON on input line 1688.
Package hyperref Info: Plain pages ON on input line 1693.
Package hyperref Info: Backreferencing OFF on input line 1700.

Implicit mode ON; LaTeX internals redefined
(/usr/share/texmf/tex/latex/html/url.sty
Package: url 1999/03/02  ver 1.4  Verb mode for urls, email addresses, and file
 names
)
LaTeX Info: Redefining \url on input line 1905.
\Fld@menulength=\count104
\Field@Width=\dimen108
\Fld@charsize=\dimen109
\Choice@toks=\toks16
\Field@toks=\toks17
Package hyperref Info: Hyper figures OFF on input line 2351.
Package hyperref Info: Link nesting OFF on input line 2356.
Package hyperref Info: Hyper index ON on input line 2359.
Package hyperref Info: backreferencing OFF on input line 2366.
Package hyperref Info: Link coloring ON on input line 2369.
\c@Item=\count105
\c@Hfootnote=\count106
)
*hyperref using driver hpdftex*
(/usr/share/texmf/tex/latex/hyperref/hpdftex.def
File: hpdftex.def 2000/11/05 v6.71a Hyperref driver for pdfTeX

(/usr/share/texmf/tex/latex/psnfss/pifont.sty
Package: pifont 2000/01/12 PSNFSS-v8.1 Pi font support (SPQR) 
LaTeX Font Info:    Try loading font information for U+pzd on input line 62.

(/usr/share/texmf/tex/latex/psnfss/upzd.fd
File: upzd.fd 2000/01/12 PSNFSS-v8.1 font definitions for U/pzd.
)
LaTeX Font Info:    Try loading font information for U+psy on input line 63.

(/usr/share/texmf/tex/latex/psnfss/upsy.fd
File: upsy.fd 2000/01/12 PSNFSS-v8.1 font definitions for U/psy.
))
\Fld@listcount=\count107
\@outlinefile=\write4
) Include comment 'print'
Excluding comment 'screen' (/usr/share/texmf/tex/latex/misc/fancybox.sty
Style option: `fancybox' v1.3 <1998/09/17> (tvz)
\@fancybox=\box28
\shadowsize=\dimen110
\@Sbox=\box29
\do@VerbBox=\toks18
\the@fancyput=\toks19
\this@fancyput=\toks20
\EndVerbatimTokens=\toks21
\Verbatim@Outfile=\write5
\Verbatim@Infile=\read1
)
\@PDFmpht=\dimen111
\c@slide=\count108
\c@slideoverlay=\count109
) (/usr/share/texmf/tex/latex/psnfss/times.sty
Package: times 2000/01/12 PSNFSS-v8.1 Times font as default roman (SPQR) 
) (scfe.aux (./src/part1.aux)
(./src/part2.aux) (./src/part3.aux))
\openout1 = `scfe.aux'.

LaTeX Font Info:    Checking defaults for OML/cmm/m/it on input line 28.
LaTeX Font Info:    ... okay on input line 28.
LaTeX Font Info:    Checking defaults for T1/cmr/m/n on input line 28.
LaTeX Font Info:    ... okay on input line 28.
LaTeX Font Info:    Checking defaults for OT1/cmr/m/n on input line 28.
LaTeX Font Info:    ... okay on input line 28.
LaTeX Font Info:    Checking defaults for OMS/cmsy/m/n on input line 28.
LaTeX Font Info:    ... okay on input line 28.
LaTeX Font Info:    Checking defaults for OMX/cmex/m/n on input line 28.
LaTeX Font Info:    ... okay on input line 28.
LaTeX Font Info:    Checking defaults for U/cmr/m/n on input line 28.
LaTeX Font Info:    ... okay on input line 28.
LaTeX Font Info:    Checking defaults for PD1/pdf/m/n on input line 28.
LaTeX Font Info:    ... okay on input line 28.
LaTeX Font Info:    Try loading font information for OT1+ptm on input line 28.

(/usr/share/texmf/tex/latex/psnfss/ot1ptm.fd
File: ot1ptm.fd 2000/01/12 PSNFSS-v8.1 font definitions for OT1/ptm.
)
Package hyperref Info: Link coloring ON on input line 28.

(/usr/share/texmf/tex/latex/hyperref/nameref.sty
Package: nameref 2000/05/08 v2.18 Cross-referencing by name of section
\c@section@level=\count110
) (scfe.out) (scfe.out)
\openout4 = `scfe.out'.

LaTeX Info: Redefining \ref on input line 28.
LaTeX Info: Redefining \pageref on input line 28.
\openout2 = `./src/part1.aux'.


(./src/part1.tex
LaTeX Font Info:    Font shape `OT1/ptm/bx/n' in size <14.4> not available
(Font)              Font shape `OT1/ptm/b/n' tried instead on input line 1.
\openout3 = `comment.cut'.

 (comment.cut)
LaTeX Font Info:    Try loading font information for OMS+ptm on input line 13.
 (/usr/share/texmf/tex/latex/psnfss/omsptm.fd
File: omsptm.fd 
)
LaTeX Font Info:    Font shape `OMS/ptm/m/n' in size <12> not available
(Font)              Font shape `OMS/cmsy/m/n' tried instead on input line 13.
\openout3 = `comment.cut'.


(comment.cut)
\openout3 = `comment.cut'.

 (comment.cut)
\openout3 = `comment.cut'.

 (comment.cut)
Overfull \hbox (7.58337pt too wide) in paragraph at lines 24--29
\OT1/ptm/m/n/12 At the same time it should be ef-fi-cient, be-cause com-pu-ta-t
ions are of-ten time-consuming,
 []

\openout3 = `comment.cut'.

(comment.cut) <./pic/main1.pdf 714.67pt, 393.46999pt, obj 72>
File: ./pic/main1.pdf Graphic file (type pdf)

<use ./pic/main1.pdf>
LaTeX Font Info:    Font shape `OT1/ptm/bx/n' in size <10> not available
(Font)              Font shape `OT1/ptm/b/n' tried instead on input line 42.
\openout3 = `comment.cut'.

 (comment.cut [1


[/var/lib/texmf/dvips/config/pdftex.map]])) [2 <./pic/main1.pdf>]
\openout2 = `./src/part2.aux'.

 (./src/part2.tex
LaTeX Font Info:    Font shape `OT1/ptm/bx/n' in size <12> not available
(Font)              Font shape `OT1/ptm/b/n' tried instead on input line 3.
\openout3 = `comment.cut'.

 (comment.cut)
\openout3 = `comment.cut'.

 (comment.cut)
\openout3 = `comment.cut'.


(comment.cut)
\openout3 = `comment.cut'.

 (comment.cut)
\openout3 = `comment.cut'.

 (comment.cut)
Underfull \hbox (badness 10000) in paragraph at lines 26--32

 []

\openout3 = `comment.cut'.

(comment.cut)
Underfull \hbox (badness 10000) in paragraph at lines 32--38

 []

\openout3 = `comment.cut'.

(comment.cut) [3


]
\openout3 = `comment.cut'.

 (comment.cut) <./pic/baseform1.pdf 614.295pt, 794.96999pt,
obj 104>
File: ./pic/baseform1.pdf Graphic file (type pdf)
 <use ./pic/baseform1.pdf>
\openout3 = `comment.cut'.

 (comment.cut) [4 <./pic/baseform1.pdf>]
\openout3 = `comment.cut'.


(comment.cut)
\openout3 = `comment.cut'.

 (comment.cut
LaTeX Font Info:    Try loading font information for U+msa on input line 2.
 (/usr/share/texmf/tex/latex/amsfonts/umsa.fd
File: umsa.fd 1995/01/05 v2.2e AMS font definitions
)
LaTeX Font Info:    Try loading font information for U+msb on input line 2.

(/usr/share/texmf/tex/latex/amsfonts/umsb.fd
File: umsb.fd 1995/01/05 v2.2e AMS font definitions
))
\openout3 = `comment.cut'.

 (comment.cut
LaTeX Font Info:    Try loading font information for OT1+phv on input line 1.

(/usr/share/texmf/tex/latex/psnfss/ot1phv.fd
File: ot1phv.fd 2000/01/12 PSNFSS-v8.1 scalable font definitions for OT1/phv.
))
\openout3 = `comment.cut'.

 (comment.cut)
\openout3 = `comment.cut'.

 (comment.cut)
[5]
\openout3 = `comment.cut'.

 (comment.cut)
\openout3 = `comment.cut'.

 (comment.cut)
\openout3 = `comment.cut'.

 (comment.cut)
\openout3 = `comment.cut'.

 (comment.cut)
\openout3 = `comment.cut'.

 (comment.cut)
Underfull \hbox (badness 10000) in paragraph at lines 134--141

 []

\openout3 = `comment.cut'.

(comment.cut) [6]
\openout3 = `comment.cut'.

 (comment.cut)
\openout3 = `comment.cut'.

 (comment.cut)
\openout3 = `comment.cut'.

 (comment.cut) [7]
\openout3 = `comment.cut'.

 (comment.cut))
[8]
\openout2 = `./src/part3.aux'.

 (./src/part3.tex
Underfull \hbox (badness 10000) in paragraph at lines 4--6

 []

LaTeX Font Info:    Try loading font information for OT1+pcr on input line 6.
(/usr/share/texmf/tex/latex/psnfss/ot1pcr.fd
File: ot1pcr.fd 2000/01/12 PSNFSS-v8.1 font definitions for OT1/pcr.
)
Overfull \hbox (9.8207pt too wide) in paragraph at lines 24--24
[] \OT1/pcr/m/n/10.95 ptgrid=new Grid<Point2D>(ptFileType); // initialize grid 
for domain[] 
 []

[9


]
Overfull \hbox (36.10066pt too wide) in paragraph at lines 54--54
[]\OT1/pcr/m/n/10.95 AcousticPDE::AcousticPDE(Grid<Point2D> * ptgrid, Material 
* aptMaterial,[] 
 []


Overfull \hbox (75.52061pt too wide) in paragraph at lines 54--54
[]   \OT1/pcr/m/n/10.95 ptMaterial->ReadDensityAndCompress(density,compress); /
/ read material info[] 
 []

[10]
Overfull \hbox (82.0906pt too wide) in paragraph at lines 88--88
[]\OT1/pcr/m/n/10.95 void AcousticPDE::SolveStatic_NewmarkMethod(const Double t
ime, const Double dt)[] 
 []

[11]
Overfull \hbox (29.53067pt too wide) in paragraph at lines 119--119
[] \OT1/pcr/m/n/10.95 void Assemble<Dim,T_Matrix>::AssembleGlobal(T_Matrix & Ma
t,BaseElem *)[] 
 []


Overfull \hbox (49.24065pt too wide) in paragraph at lines 119--119
[]  \OT1/pcr/m/n/10.95 for (numelem=0; numelem<maxnumelem; numelem++) // loop o
ver all elements[] 
 []

[12]
Overfull \hbox (82.0906pt too wide) in paragraph at lines 146--146
[]\OT1/pcr/m/n/10.95 void Assemble<Dim,T_Matrix>::AssembleSysMatrix(const Doubl
e CoefL, const Double[] 
 []


Overfull \hbox (75.52061pt too wide) in paragraph at lines 146--146
[]                   \OT1/pcr/m/n/10.95 AssembleGlobal< LaplaceInt<Dim> >(S); /
/ S and M are stored[] 
 []


Overfull \hbox (82.0906pt too wide) in paragraph at lines 146--146
[]                   \OT1/pcr/m/n/10.95 IsCalcS=TRUE;                       // 
in data of this class[] 
 []

[13]
Overfull \hbox (29.53067pt too wide) in paragraph at lines 170--170
[]                \OT1/pcr/m/n/10.95 const Vector<Double> & CoefS, const Vector
<Double> & f)[] 
 []

[14] [15] <./pic/Matrix1.pdf 597.23125pt, 845.15749pt, obj 185>
File: ./pic/Matrix1.pdf Graphic file (type pdf)

<use ./pic/Matrix1.pdf>
\openout3 = `comment.cut'.

 (comment.cut)
Underfull \hbox (badness 10000) in paragraph at lines 1--206

 []

[16 <./pic/Matrix1.pdf>]) [17] (scfe.aux (./src/part1.aux) (./src/part2.aux)
(./src/part3.aux)) ) 
Here is how much of TeX's memory you used:
 3436 strings out of 25620
 42828 string characters out of 193431
 89458 words of memory out of 384000
 6319 multiletter control sequences out of 10000+15000
 22903 words of font info for 57 fonts, out of 400000 for 1000
 14 hyphenation exceptions out of 1000
 34i,8n,38p,789b,332s stack positions out of 300i,100n,500p,50000b,4000s
<8r.enc><cmmi12.pfb><cmti8.pfb><cmbx12.pfb><cmex10.pfb><cms
y10.pfb>
Output written on scfe.pdf (17 pages, 94886 bytes).
